c:\users\mark.culp\documents\week 14 or whatever\cs230 project 6 student\debug\project6.pch
c:\users\mark.culp\documents\week 14 or whatever\cs230 project 6 student\debug\vc141.pdb
c:\users\mark.culp\documents\week 14 or whatever\cs230 project 6 student\debug\vc141.idb
c:\users\mark.culp\documents\week 14 or whatever\cs230 project 6 student\debug\stdafx.obj
c:\users\mark.culp\documents\week 14 or whatever\cs230 project 6 student\debug\engine.obj
c:\users\mark.culp\documents\week 14 or whatever\cs230 project 6 student\debug\gameobject.obj
c:\users\mark.culp\documents\week 14 or whatever\cs230 project 6 student\debug\gamestatelevel1.obj
c:\users\mark.culp\documents\week 14 or whatever\cs230 project 6 student\debug\gamestatemanager.obj
c:\users\mark.culp\documents\week 14 or whatever\cs230 project 6 student\debug\gamestatestub.obj
c:\users\mark.culp\documents\week 14 or whatever\cs230 project 6 student\debug\gamestatetable.obj
c:\users\mark.culp\documents\week 14 or whatever\cs230 project 6 student\debug\main.obj
c:\users\mark.culp\documents\week 14 or whatever\cs230 project 6 student\debug\matrix2d.obj
c:\users\mark.culp\documents\week 14 or whatever\cs230 project 6 student\debug\mesh.obj
c:\users\mark.culp\documents\week 14 or whatever\cs230 project 6 student\debug\spritesource.obj
c:\users\mark.culp\documents\week 14 or whatever\cs230 project 6 student\debug\system.obj
c:\users\mark.culp\documents\week 14 or whatever\cs230 project 6 student\debug\trace.obj
c:\users\mark.culp\documents\week 14 or whatever\cs230 project 6 student\debug\transform.obj
c:\users\mark.culp\documents\week 14 or whatever\cs230 project 6 student\debug\vector2d.obj
c:\users\mark.culp\documents\week 14 or whatever\cs230 project 6 student\debug\animation.obj
c:\users\mark.culp\documents\week 14 or whatever\cs230 project 6 student\debug\animationsequence.obj
c:\users\mark.culp\documents\week 14 or whatever\cs230 project 6 student\debug\behaviorspaceship.obj
c:\users\mark.culp\documents\week 14 or whatever\cs230 project 6 student\debug\gameobjectmanager.obj
c:\users\mark.culp\documents\week 14 or whatever\cs230 project 6 student\debug\gamestateasteroids.obj
c:\users\mark.culp\documents\week 14 or whatever\cs230 project 6 student\debug\gamestatelevel2.obj
c:\users\mark.culp\documents\week 14 or whatever\cs230 project 6 student\debug\behaviorbullet.obj
c:\users\mark.culp\documents\week 14 or whatever\cs230 project 6 student\debug\behavior.obj
c:\users\mark.culp\documents\week 14 or whatever\cs230 project 6 student\debug\behaviorasteroid.obj
c:\users\mark.culp\documents\week 14 or whatever\cs230 project 6 student\debug\physics.obj
c:\users\mark.culp\documents\week 14 or whatever\cs230 project 6 student\debug\sprite.obj
c:\users\mark.culp\documents\week 14 or whatever\cs230 project 6 student\debug\collider.obj
c:\users\mark.culp\documents\week 14 or whatever\cs230 project 6 student\debug\teleporter.obj
c:\users\mark.culp\documents\week 14 or whatever\cs230 project 6 student\debug\random.obj
c:\users\mark.culp\documents\week 14 or whatever\cs230 project 6 student\debug\project6.ilk
c:\users\mark.culp\documents\week 14 or whatever\cs230 project 6 student\debug\project6.exe
c:\users\mark.culp\documents\week 14 or whatever\cs230 project 6 student\debug\project6.pdb
c:\users\mark.culp\documents\week 14 or whatever\cs230 project 6 student\debug\behaviorasteroid.obj.enc
c:\users\mark.culp\documents\week 14 or whatever\cs230 project 6 student\debug\gameobjectmanager.obj.enc
c:\users\mark.culp\documents\week 14 or whatever\cs230 project 6 student\debug\gamestateasteroids.obj.enc
c:\users\mark.culp\documents\week 14 or whatever\cs230 project 6 student\debug\project6.tlog\cl.command.1.tlog
c:\users\mark.culp\documents\week 14 or whatever\cs230 project 6 student\debug\project6.tlog\cl.read.1.tlog
c:\users\mark.culp\documents\week 14 or whatever\cs230 project 6 student\debug\project6.tlog\cl.write.1.tlog
c:\users\mark.culp\documents\week 14 or whatever\cs230 project 6 student\debug\project6.tlog\link.command.1.tlog
c:\users\mark.culp\documents\week 14 or whatever\cs230 project 6 student\debug\project6.tlog\link.read.1.tlog
c:\users\mark.culp\documents\week 14 or whatever\cs230 project 6 student\debug\project6.tlog\link.write.1.tlog
